Performing C SOURCE FILE Test CMAKE_HAVE_LIBC_PTHREAD failed with the following output:
Change Dir: /home/xjdr/src/xjdr/gg/CMakeFiles/CMakeTmp

Run Build Command(s):/usr/bin/make cmTC_7eebb/fast && /usr/bin/make -f CMakeFiles/cmTC_7eebb.dir/build.make CMakeFiles/cmTC_7eebb.dir/build
make[1]: Entering directory '/home/xjdr/src/xjdr/gg/CMakeFiles/CMakeTmp'
Building C object CMakeFiles/cmTC_7eebb.dir/src.c.o
/usr/bin/clang-12   -DCMAKE_HAVE_LIBC_PTHREAD   -o CMakeFiles/cmTC_7eebb.dir/src.c.o   -c /home/xjdr/src/xjdr/gg/CMakeFiles/CMakeTmp/src.c
Linking C executable cmTC_7eebb
/usr/local/bin/cmake -E cmake_link_script CMakeFiles/cmTC_7eebb.dir/link.txt --verbose=1
/usr/bin/clang-12  -DCMAKE_HAVE_LIBC_PTHREAD    CMakeFiles/cmTC_7eebb.dir/src.c.o  -o cmTC_7eebb 
CMakeFiles/cmTC_7eebb.dir/src.c.o: In function `main':
src.c:(.text+0x36): undefined reference to `pthread_create'
src.c:(.text+0x42): undefined reference to `pthread_detach'
src.c:(.text+0x4e): undefined reference to `pthread_cancel'
src.c:(.text+0x5e): undefined reference to `pthread_join'
src.c:(.text+0x71): undefined reference to `pthread_atfork'
clang: error: linker command failed with exit code 1 (use -v to see invocation)
CMakeFiles/cmTC_7eebb.dir/build.make:103: recipe for target 'cmTC_7eebb' failed
make[1]: *** [cmTC_7eebb] Error 1
make[1]: Leaving directory '/home/xjdr/src/xjdr/gg/CMakeFiles/CMakeTmp'
Makefile:138: recipe for target 'cmTC_7eebb/fast' failed
make: *** [cmTC_7eebb/fast] Error 2


Source file was:
#include <pthread.h>

void* test_func(void* data)
{
  return data;
}

int main(void)
{
  pthread_t thread;
  pthread_create(&thread, NULL, test_func, NULL);
  pthread_detach(thread);
  pthread_cancel(thread);
  pthread_join(thread, NULL);
  pthread_atfork(NULL, NULL, NULL);
  pthread_exit(NULL);

  return 0;
}

Determining if the function pthread_create exists in the pthreads failed with the following output:
Change Dir: /home/xjdr/src/xjdr/gg/CMakeFiles/CMakeTmp

Run Build Command(s):/usr/bin/make cmTC_6fa42/fast && /usr/bin/make -f CMakeFiles/cmTC_6fa42.dir/build.make CMakeFiles/cmTC_6fa42.dir/build
make[1]: Entering directory '/home/xjdr/src/xjdr/gg/CMakeFiles/CMakeTmp'
Building C object CMakeFiles/cmTC_6fa42.dir/CheckFunctionExists.c.o
/usr/bin/clang-12   -DCHECK_FUNCTION_EXISTS=pthread_create   -o CMakeFiles/cmTC_6fa42.dir/CheckFunctionExists.c.o   -c /usr/local/share/cmake-3.17/Modules/CheckFunctionExists.c
Linking C executable cmTC_6fa42
/usr/local/bin/cmake -E cmake_link_script CMakeFiles/cmTC_6fa42.dir/link.txt --verbose=1
/usr/bin/clang-12  -DCHECK_FUNCTION_EXISTS=pthread_create    CMakeFiles/cmTC_6fa42.dir/CheckFunctionExists.c.o  -o cmTC_6fa42  -lpthreads 
/usr/bin/ld: cannot find -lpthreads
clang: error: linker command failed with exit code 1 (use -v to see invocation)
CMakeFiles/cmTC_6fa42.dir/build.make:103: recipe for target 'cmTC_6fa42' failed
make[1]: *** [cmTC_6fa42] Error 1
make[1]: Leaving directory '/home/xjdr/src/xjdr/gg/CMakeFiles/CMakeTmp'
Makefile:138: recipe for target 'cmTC_6fa42/fast' failed
make: *** [cmTC_6fa42/fast] Error 2



